#
# There is insufficient memory for the Java Runtime Environment to continue.
# Native memory allocation (malloc) failed to allocate 152848 bytes for Chunk::new
# Possible reasons:
#   The system is out of physical RAM or swap space
#   In 32 bit mode, the process size limit was hit
# Possible solutions:
#   Reduce memory load on the system
#   Increase physical memory or swap space
#   Check if swap backing store is full
#   Use 64 bit Java on a 64 bit OS
#   Decrease Java heap size (-Xmx/-Xms)
#   Decrease number of Java threads
#   Decrease Java thread stack sizes (-Xss)
#   Set larger code cache with -XX:ReservedCodeCacheSize=
# This output file may be truncated or incomplete.
#
#  Out of Memory Error (allocation.cpp:390), pid=872, tid=10432
#
# JRE version: Java(TM) SE Runtime Environment (8.0_65-b17) (build 1.8.0_65-b17)
# Java VM: Java HotSpot(TM) 64-Bit Server VM (25.65-b01 mixed mode windows-amd64 compressed oops)
# Failed to write core dump. Minidumps are not enabled by default on client versions of Windows
#

---------------  T H R E A D  ---------------

Current thread (0x0000000014789000):  JavaThread "C2 CompilerThread0" daemon [_thread_in_native, id=10432, stack(0x00000000157c0000,0x00000000158c0000)]

Stack: [0x00000000157c0000,0x00000000158c0000]
[error occurred during error reporting (printing stack bounds), id 0xc0000005]

Native frames: (J=compiled Java code, j=interpreted, Vv=VM code, C=native code)


Current CompileTask:
C2:   7584 1127       4       com.android.dx.ssa.back.LivenessAnalyzer::run (231 bytes)


---------------  P R O C E S S  ---------------

Java Threads: ( => current thread )
  0x0000000015d0b800 JavaThread "pool-1-thread-4" [_thread_in_Java, id=10780, stack(0x00000000163c0000,0x00000000164c0000)]
  0x0000000015d00000 JavaThread "pool-1-thread-3" [_thread_in_Java, id=3276, stack(0x00000000162c0000,0x00000000163c0000)]
  0x0000000015cfd000 JavaThread "pool-1-thread-2" [_thread_in_Java, id=7804, stack(0x00000000161c0000,0x00000000162c0000)]
  0x0000000015ced000 JavaThread "pool-2-thread-1" [_thread_blocked, id=8484, stack(0x00000000160c0000,0x00000000161c0000)]
  0x0000000015ce2000 JavaThread "pool-1-thread-1" [_thread_in_vm, id=9144, stack(0x0000000015fc0000,0x00000000160c0000)]
  0x00000000147fd000 JavaThread "Service Thread" daemon [_thread_blocked, id=11312, stack(0x00000000159c0000,0x0000000015ac0000)]
  0x00000000147dc000 JavaThread "C1 CompilerThread1" daemon [_thread_in_native, id=5620, stack(0x00000000158c0000,0x00000000159c0000)]
=>0x0000000014789000 JavaThread "C2 CompilerThread0" daemon [_thread_in_native, id=10432, stack(0x00000000157c0000,0x00000000158c0000)]
  0x0000000014787800 JavaThread "Attach Listener" daemon [_thread_blocked, id=9408, stack(0x00000000156c0000,0x00000000157c0000)]
  0x00000000022fe800 JavaThread "Signal Dispatcher" daemon [_thread_blocked, id=5624, stack(0x00000000155c0000,0x00000000156c0000)]
  0x00000000022ed800 JavaThread "Finalizer" daemon [_thread_blocked, id=11372, stack(0x00000000153c0000,0x00000000154c0000)]
  0x00000000022ea800 JavaThread "Reference Handler" daemon [_thread_blocked, id=836, stack(0x00000000152c0000,0x00000000153c0000)]
  0x0000000002201000 JavaThread "main" [_thread_blocked, id=7924, stack(0x0000000002100000,0x0000000002200000)]

Other Threads:
  0x0000000014755000 VMThread [stack: 0x00000000151c0000,0x00000000152c0000] [id=3916]
  0x0000000014803800 WatcherThread [stack: 0x0000000015ac0000,0x0000000015bc0000] [id=4332]

VM state:not at safepoint (normal execution)

VM Mutex/Monitor currently owned by a thread: None

Heap:
 PSYoungGen      total 17408K, used 7320K [0x00000000eab00000, 0x00000000ebe00000, 0x0000000100000000)
  eden space 15360K, 34% used [0x00000000eab00000,0x00000000eb02a148,0x00000000eba00000)
  from space 2048K, 99% used [0x00000000eba00000,0x00000000ebbfc038,0x00000000ebc00000)
  to   space 2048K, 0% used [0x00000000ebc00000,0x00000000ebc00000,0x00000000ebe00000)
 ParOldGen       total 39936K, used 6529K [0x00000000c0000000, 0x00000000c2700000, 0x00000000eab00000)
  object space 39936K, 16% used [0x00000000c0000000,0x00000000c06607f0,0x00000000c2700000)
 Metaspace       used 6057K, capacity 6962K, committed 7040K, reserved 1056768K
  class space    used 601K, capacity 618K, committed 640K, reserved 1048576K

Card table byte_map: [0x00000000116c0000,0x00000000118d0000] byte_map_base: 0x00000000110c0000

Marking Bits: (ParMarkBitMap*) 0x000000006005a5b0
 Begin Bits: [0x0000000011c30000, 0x0000000012c30000)
 End Bits:   [0x0000000012c30000, 0x0000000013c30000)

Polling page: 0x00000000005d0000

CodeCache: size=245760Kb used=4764Kb max_used=4764Kb free=240995Kb
 bounds [0x0000000002300000, 0x00000000027b0000, 0x0000000011300000]
 total_blobs=1458 nmethods=1188 adapters=182
 compilation: enabled

Compilation events (10 events):
Event: 7.532 Thread 0x00000000147dc000 nmethod 1218 0x00000000027a84d0 code [0x00000000027a8660, 0x00000000027a8978]
Event: 7.535 Thread 0x00000000147dc000 1219       2       com.android.dx.ssa.back.LivenessAnalyzer::constructInterferenceGraph (47 bytes)
Event: 7.536 Thread 0x00000000147dc000 nmethod 1219 0x00000000027a8bd0 code [0x00000000027a8d60, 0x00000000027a9058]
Event: 7.536 Thread 0x00000000147dc000 1220       2       com.android.dx.ssa.back.InterferenceGraph::<init> (42 bytes)
Event: 7.539 Thread 0x00000000147dc000 nmethod 1220 0x00000000027a9210 code [0x00000000027a93c0, 0x00000000027a9928]
Event: 7.540 Thread 0x00000000147dc000 1221       2       com.android.dx.ssa.back.FirstFitLocalCombiningAllocator::handleUnassociatedParameters (60 bytes)
Event: 7.541 Thread 0x00000000147dc000 nmethod 1221 0x00000000027a9d50 code [0x00000000027a9ee0, 0x00000000027aa198]
Event: 7.542 Thread 0x00000000147dc000 1222       2       com.android.dx.rop.cst.CstString::equals (24 bytes)
Event: 7.543 Thread 0x00000000147dc000 nmethod 1222 0x00000000027aa410 code [0x00000000027aa580, 0x00000000027aa788]
Event: 7.549 Thread 0x00000000147dc000 1224       2       com.android.dx.ssa.ConstCollector::updateConstUses (248 bytes)

GC Heap History (6 events):
Event: 5.135 GC heap before
{Heap before GC invocations=1 (full 0):
 PSYoungGen      total 17408K, used 15360K [0x00000000eab00000, 0x00000000ebe00000, 0x0000000100000000)
  eden space 15360K, 100% used [0x00000000eab00000,0x00000000eba00000,0x00000000eba00000)
  from space 2048K, 0% used [0x00000000ebc00000,0x00000000ebc00000,0x00000000ebe00000)
  to   space 2048K, 0% used [0x00000000eba00000,0x00000000eba00000,0x00000000ebc00000)
 ParOldGen       total 39936K, used 0K [0x00000000c0000000, 0x00000000c2700000, 0x00000000eab00000)
  object space 39936K, 0% used [0x00000000c0000000,0x00000000c0000000,0x00000000c2700000)
 Metaspace       used 5804K, capacity 6768K, committed 7040K, reserved 1056768K
  class space    used 598K, capacity 616K, committed 640K, reserved 1048576K
Event: 5.167 GC heap after
Heap after GC invocations=1 (full 0):
 PSYoungGen      total 17408K, used 2023K [0x00000000eab00000, 0x00000000ebe00000, 0x0000000100000000)
  eden space 15360K, 0% used [0x00000000eab00000,0x00000000eab00000,0x00000000eba00000)
  from space 2048K, 98% used [0x00000000eba00000,0x00000000ebbf9c88,0x00000000ebc00000)
  to   space 2048K, 0% used [0x00000000ebc00000,0x00000000ebc00000,0x00000000ebe00000)
 ParOldGen       total 39936K, used 1994K [0x00000000c0000000, 0x00000000c2700000, 0x00000000eab00000)
  object space 39936K, 4% used [0x00000000c0000000,0x00000000c01f2828,0x00000000c2700000)
 Metaspace       used 5804K, capacity 6768K, committed 7040K, reserved 1056768K
  class space    used 598K, capacity 616K, committed 640K, reserved 1048576K
}
Event: 6.236 GC heap before
{Heap before GC invocations=2 (full 0):
 PSYoungGen      total 17408K, used 17383K [0x00000000eab00000, 0x00000000ebe00000, 0x0000000100000000)
  eden space 15360K, 100% used [0x00000000eab00000,0x00000000eba00000,0x00000000eba00000)
  from space 2048K, 98% used [0x00000000eba00000,0x00000000ebbf9c88,0x00000000ebc00000)
  to   space 2048K, 0% used [0x00000000ebc00000,0x00000000ebc00000,0x00000000ebe00000)
 ParOldGen       total 39936K, used 1994K [0x00000000c0000000, 0x00000000c2700000, 0x00000000eab00000)
  object space 39936K, 4% used [0x00000000c0000000,0x00000000c01f2828,0x00000000c2700000)
 Metaspace       used 5979K, capacity 6896K, committed 7040K, reserved 1056768K
  class space    used 599K, capacity 616K, committed 640K, reserved 1048576K
Event: 6.265 GC heap after
Heap after GC invocations=2 (full 0):
 PSYoungGen      total 17408K, used 2016K [0x00000000eab00000, 0x00000000ebe00000, 0x0000000100000000)
  eden space 15360K, 0% used [0x00000000eab00000,0x00000000eab00000,0x00000000eba00000)
  from space 2048K, 98% used [0x00000000ebc00000,0x00000000ebdf8028,0x00000000ebe00000)
  to   space 2048K, 0% used [0x00000000eba00000,0x00000000eba00000,0x00000000ebc00000)
 ParOldGen       total 39936K, used 4186K [0x00000000c0000000, 0x00000000c2700000, 0x00000000eab00000)
  object space 39936K, 10% used [0x00000000c0000000,0x00000000c04168d8,0x00000000c2700000)
 Metaspace       used 5979K, capacity 6896K, committed 7040K, reserved 1056768K
  class space    used 599K, capacity 616K, committed 640K, reserved 1048576K
}
Event: 6.992 GC heap before
{Heap before GC invocations=3 (full 0):
 PSYoungGen      total 17408K, used 17376K [0x00000000eab00000, 0x00000000ebe00000, 0x0000000100000000)
  eden space 15360K, 100% used [0x00000000eab00000,0x00000000eba00000,0x00000000eba00000)
  from space 2048K, 98% used [0x00000000ebc00000,0x00000000ebdf8028,0x00000000ebe00000)
  to   space 2048K, 0% used [0x00000000eba00000,0x00000000eba00000,0x00000000ebc00000)
 ParOldGen       total 39936K, used 4186K [0x00000000c0000000, 0x00000000c2700000, 0x00000000eab00000)
  object space 39936K, 10% used [0x00000000c0000000,0x00000000c04168d8,0x00000000c2700000)
 Metaspace       used 6026K, capacity 6960K, committed 7040K, reserved 1056768K
  class space    used 599K, capacity 616K, committed 640K, reserved 1048576K
Event: 7.029 GC heap after
Heap after GC invocations=3 (full 0):
 PSYoungGen      total 17408K, used 2032K [0x00000000eab00000, 0x00000000ebe00000, 0x0000000100000000)
  eden space 15360K, 0% used [0x00000000eab00000,0x00000000eab00000,0x00000000eba00000)
  from space 2048K, 99% used [0x00000000eba00000,0x00000000ebbfc038,0x00000000ebc00000)
  to   space 2048K, 0% used [0x00000000ebc00000,0x00000000ebc00000,0x00000000ebe00000)
 ParOldGen       total 39936K, used 6529K [0x00000000c0000000, 0x00000000c2700000, 0x00000000eab00000)
  object space 39936K, 16% used [0x00000000c0000000,0x00000000c06607f0,0x00000000c2700000)
 Metaspace       used 6026K, capacity 6960K, committed 7040K, reserved 1056768K
  class space    used 599K, capacity 616K, committed 640K, reserved 1048576K
}

Deoptimization events (1 events):
Event: 4.106 Thread 0x0000000015d00000 Uncommon trap: reason=unstable_if action=reinterpret pc=0x0000000002507310 method=java.util.HashMap.getNode(ILjava/lang/Object;)Ljava/util/HashMap$Node; @ 129

Internal exceptions (2 events):
Event: 0.261 Thread 0x0000000002201000 Exception <a 'java/lang/NoSuchMethodError': Method sun.misc.Unsafe.defineClass(Ljava/lang/String;[BII)Ljava/lang/Class; name or signature does not match> (0x00000000eab0d510) thrown at [C:\workspace\8-2-build-windows-amd64-cygwin\jdk8u65\4987\hotspot\src\sHo4u„´Ð?
Event: 0.261 Thread 0x0000000002201000 Exception <a 'java/lang/NoSuchMethodError': Method sun.misc.Unsafe.prefetchRead(Ljava/lang/Object;J)V name or signature does not match> (0x00000000eab0d7f8) thrown at [C:\workspace\8-2-build-windows-amd64-cygwin\jdk8u65\4987\hotspot\src\share\vm\prims\jni.

Events (10 events):
Event: 7.063 loading class java/util/HashMap$KeyIterator
Event: 7.063 loading class java/util/HashMap$KeyIterator done
Event: 7.074 Thread 0x00000000147dc000 flushing nmethod 0x00000000023ffa90
Event: 7.074 Thread 0x00000000147dc000 flushing nmethod 0x0000000002400510
Event: 7.074 Thread 0x00000000147dc000 flushing nmethod 0x0000000002402e10
Event: 7.074 Thread 0x00000000147dc000 flushing nmethod 0x000000000240d750
Event: 7.074 Thread 0x00000000147dc000 flushing nmethod 0x000000000242e890
Event: 7.074 Thread 0x00000000147dc000 flushing nmethod 0x000000000242f9d0
Event: 7.074 Thread 0x00000000147dc000 flushing nmethod 0x0000000002430190
Event: 7.074 Thread 0x00000000147dc000 flushing nmethod 0x0000000002432410


Dynamic libraries:
0x00007ff728570000 - 0x00007ff7285a7000 	C:\Program Files\Java\jdk1.8.0_65\bin\java.exe
0x00007fff5a6d0000 - 0x00007fff5a891000 	C:\WINDOWS\SYSTEM32\ntdll.dll
0x00007fff57b30000 - 0x00007fff57bdd000 	C:\WINDOWS\system32\KERNEL32.DLL
0x00007fff57610000 - 0x00007fff577f8000 	C:\WINDOWS\system32\KERNELBASE.dll
0x00007fff57fd0000 - 0x00007fff58077000 	C:\WINDOWS\system32\ADVAPI32.dll
0x00007fff57cb0000 - 0x00007fff57d4d000 	C:\WINDOWS\system32\msvcrt.dll
0x00007fff57be0000 - 0x00007fff57c3b000 	C:\WINDOWS\system32\sechost.dll
0x00007fff58080000 - 0x00007fff5819c000 	C:\WINDOWS\system32\RPCRT4.dll
0x00007fff5a570000 - 0x00007fff5a6c6000 	C:\WINDOWS\system32\USER32.dll
0x00007fff58320000 - 0x00007fff584a6000 	C:\WINDOWS\system32\GDI32.dll
0x00007fff4b7e0000 - 0x00007fff4ba54000 	C:\WINDOWS\WinSxS\amd64_microsoft.windows.common-controls_6595b64144ccf1df_6.0.10586.0_none_8c15ae12515e1c22\COMCTL32.dll
0x00007fff59a10000 - 0x00007fff59c8d000 	C:\WINDOWS\system32\combase.dll
0x00007fff573d0000 - 0x00007fff5743a000 	C:\WINDOWS\system32\bcryptPrimitives.dll
0x00007fff59ef0000 - 0x00007fff59f2b000 	C:\WINDOWS\system32\IMM32.DLL
0x000000005f340000 - 0x000000005f412000 	C:\Program Files\Java\jdk1.8.0_65\jre\bin\msvcr100.dll
0x000000005f850000 - 0x00000000600d9000 	C:\Program Files\Java\jdk1.8.0_65\jre\bin\server\jvm.dll
0x00007fff59da0000 - 0x00007fff59da8000 	C:\WINDOWS\system32\PSAPI.DLL
0x00007fff55560000 - 0x00007fff55569000 	C:\WINDOWS\SYSTEM32\WSOCK32.dll
0x00007fff57c40000 - 0x00007fff57cab000 	C:\WINDOWS\system32\WS2_32.dll
0x00007fff55510000 - 0x00007fff55533000 	C:\WINDOWS\SYSTEM32\WINMM.dll
0x00007fff51dd0000 - 0x00007fff51dda000 	C:\WINDOWS\SYSTEM32\VERSION.dll
0x00007fff554b0000 - 0x00007fff554dc000 	C:\WINDOWS\SYSTEM32\WINMMBASE.dll
0x00007fff579b0000 - 0x00007fff579f3000 	C:\WINDOWS\system32\cfgmgr32.dll
0x00000000605f0000 - 0x00000000605ff000 	C:\Program Files\Java\jdk1.8.0_65\jre\bin\verify.dll
0x00000000604b0000 - 0x00000000604d9000 	C:\Program Files\Java\jdk1.8.0_65\jre\bin\java.dll
0x000000005f750000 - 0x000000005f766000 	C:\Program Files\Java\jdk1.8.0_65\jre\bin\zip.dll
0x00007fff584b0000 - 0x00007fff59a0c000 	C:\WINDOWS\system32\SHELL32.dll
0x00007fff56d80000 - 0x00007fff573c5000 	C:\WINDOWS\system32\windows.storage.dll
0x00007fff57d50000 - 0x00007fff57da2000 	C:\WINDOWS\system32\shlwapi.dll
0x00007fff56cf0000 - 0x00007fff56cff000 	C:\WINDOWS\system32\kernel.appcore.dll
0x00007fff578f0000 - 0x00007fff579a5000 	C:\WINDOWS\system32\shcore.dll
0x00007fff56d20000 - 0x00007fff56d6b000 	C:\WINDOWS\system32\powrprof.dll
0x00007fff56d00000 - 0x00007fff56d14000 	C:\WINDOWS\system32\profapi.dll

VM Arguments:
jvm_args: -Xmx1024M -Dfile.encoding=windows-1252 -Duser.country=419 -Duser.language=es -Duser.variant 
java_command: com.android.dx.command.Main --dex --num-threads=4 --output C:\PROYECTO APP\PROYECTO APP\OmniFans\app\build\intermediates\pre-dexed\debug\library-1.0.19-c2c43953ffd1b62575316c241b30a310635daeaa.jar C:\Users\DavidL\.gradle\caches\modules-2\files-2.1\com.mcxiaoke.volley\library\1.0.19\a8f23f65fc1e522ee4a1a697ee569901a46741fa\library-1.0.19.jar
java_class_path (initial): C:\Users\DavidL\AppData\Local\Android\sdk\build-tools\23.0.2\lib\dx.jar
Launcher Type: SUN_STANDARD

Environment Variables:
JAVA_HOME=C:\Program Files\Java\jdk1.8.0_65
PATH=C:\ProgramData\Oracle\Java\javapath;C:\WINDOWS\system32;C:\WINDOWS;C:\WINDOWS\System32\Wbem;C:\WINDOWS\System32\WindowsPowerShell\v1.0\;C:\Program Files (x86)\AMD\ATI.ACE\Core-Static;C:\Program Files (x86)\ATI Technologies\ATI.ACE\Core-Static;c:\Program Files (x86)\Microsoft SQL Server\100\Tools\Binn\;c:\Program Files\Microsoft SQL Server\100\Tools\Binn\;c:\Program Files\Microsoft SQL Server\100\DTS\Binn\;C:\Program Files\nodejs\;C:\Program Files (x86)\Skype\Phone\;C:\WINDOWS\system32\config\systemprofile\.dnx\bin;C:\Program Files\Microsoft DNX\Dnvm\;C:\Program Files (x86)\GtkSharp\2.12\bin;C:\Users\DavidL\AppData\Roaming\npm
USERNAME=DavidL
OS=Windows_NT
PROCESSOR_IDENTIFIER=AMD64 Family 20 Model 2 Stepping 0, AuthenticAMD



---------------  S Y S T E M  ---------------

OS: Windows 10.0 , 64 bit Build 10586 (10.0.10586.0)

CPU:total 2 (2 cores per cpu, 1 threads per core) family 20 model 2 stepping 0, cmov, cx8, fxsr, mmx, sse, sse2, sse3, ssse3, popcnt, mmxext, lzcnt, sse4a, tsc, tscinvbit, tscinv

Memory: 4k page, physical 3761356k(387744k free), swap 4887756k(4128k free)

vm_info: Java HotSpot(TM) 64-Bit Server VM (25.65-b01) for windows-amd64 JRE (1.8.0_65-b17), built on Oct  6 2015 16:39:20 by "java_re" with MS VC++ 10.0 (VS2010)

time: Fri Mar 25 17:31:24 2016
elapsed time: 7 seconds (0d 0h 0m 7s)

