#
# There is insufficient memory for the Java Runtime Environment to continue.
# Native memory allocation (malloc) failed to allocate 210416 bytes for Chunk::new
# Possible reasons:
#   The system is out of physical RAM or swap space
#   In 32 bit mode, the process size limit was hit
# Possible solutions:
#   Reduce memory load on the system
#   Increase physical memory or swap space
#   Check if swap backing store is full
#   Use 64 bit Java on a 64 bit OS
#   Decrease Java heap size (-Xmx/-Xms)
#   Decrease number of Java threads
#   Decrease Java thread stack sizes (-Xss)
#   Set larger code cache with -XX:ReservedCodeCacheSize=
# This output file may be truncated or incomplete.
#
#  Out of Memory Error (allocation.cpp:390), pid=5476, tid=1988
#
# JRE version: Java(TM) SE Runtime Environment (8.0_65-b17) (build 1.8.0_65-b17)
# Java VM: Java HotSpot(TM) 64-Bit Server VM (25.65-b01 mixed mode windows-amd64 compressed oops)
# Failed to write core dump. Minidumps are not enabled by default on client versions of Windows
#

---------------  T H R E A D  ---------------

Current thread (0x0000000014749800):  JavaThread "C2 CompilerThread0" daemon [_thread_in_native, id=1988, stack(0x0000000015780000,0x0000000015880000)]

Stack: [0x0000000015780000,0x0000000015880000]
[error occurred during error reporting (printing stack bounds), id 0xc0000005]

Native frames: (J=compiled Java code, j=interpreted, Vv=VM code, C=native code)


Current CompileTask:
C2:   8260 1326       4       com.android.dx.dex.code.OutputFinisher::addConstants (93 bytes)


---------------  P R O C E S S  ---------------

Java Threads: ( => current thread )
  0x00000000147ab800 JavaThread "Service Thread" daemon [_thread_blocked, id=2536, stack(0x0000000015980000,0x0000000015a80000)]
  0x00000000147a4800 JavaThread "C1 CompilerThread1" daemon [_thread_blocked, id=11672, stack(0x0000000015880000,0x0000000015980000)]
=>0x0000000014749800 JavaThread "C2 CompilerThread0" daemon [_thread_in_native, id=1988, stack(0x0000000015780000,0x0000000015880000)]
  0x0000000014748800 JavaThread "Attach Listener" daemon [_thread_blocked, id=10744, stack(0x0000000015680000,0x0000000015780000)]
  0x0000000014745000 JavaThread "Signal Dispatcher" daemon [_thread_blocked, id=9336, stack(0x0000000015580000,0x0000000015680000)]
  0x00000000022ae000 JavaThread "Finalizer" daemon [_thread_blocked, id=9460, stack(0x0000000015380000,0x0000000015480000)]
  0x00000000022ab000 JavaThread "Reference Handler" daemon [_thread_blocked, id=12020, stack(0x0000000015280000,0x0000000015380000)]
  0x000000000091e800 JavaThread "main" [_thread_in_Java, id=8280, stack(0x0000000002080000,0x0000000002180000)]

Other Threads:
  0x0000000014715800 VMThread [stack: 0x0000000015180000,0x0000000015280000] [id=5716]
  0x00000000147c1000 WatcherThread [stack: 0x0000000015a80000,0x0000000015b80000] [id=5128]

VM state:not at safepoint (normal execution)

VM Mutex/Monitor currently owned by a thread: None

Heap:
 PSYoungGen      total 17408K, used 12068K [0x00000000eab00000, 0x00000000ecd00000, 0x0000000100000000)
  eden space 15360K, 65% used [0x00000000eab00000,0x00000000eb4cb4d8,0x00000000eba00000)
  from space 2048K, 99% used [0x00000000ebc00000,0x00000000ebdfdb48,0x00000000ebe00000)
  to   space 2048K, 0% used [0x00000000eba00000,0x00000000eba00000,0x00000000ebc00000)
 ParOldGen       total 39936K, used 5775K [0x00000000c0000000, 0x00000000c2700000, 0x00000000eab00000)
  object space 39936K, 14% used [0x00000000c0000000,0x00000000c05a3fe0,0x00000000c2700000)
 Metaspace       used 6132K, capacity 6968K, committed 7040K, reserved 1056768K
  class space    used 610K, capacity 624K, committed 640K, reserved 1048576K

Card table byte_map: [0x0000000011680000,0x0000000011890000] byte_map_base: 0x0000000011080000

Marking Bits: (ParMarkBitMap*) 0x000000006005a5b0
 Begin Bits: [0x0000000011bf0000, 0x0000000012bf0000)
 End Bits:   [0x0000000012bf0000, 0x0000000013bf0000)

Polling page: 0x00000000004d0000

CodeCache: size=245760Kb used=5338Kb max_used=5338Kb free=240421Kb
 bounds [0x00000000022c0000, 0x0000000002800000, 0x00000000112c0000]
 total_blobs=1622 nmethods=1354 adapters=182
 compilation: enabled

Compilation events (10 events):
Event: 8.184 Thread 0x00000000147a4800 1359       3       java.lang.Enum::compareTo (44 bytes)
Event: 8.186 Thread 0x00000000147a4800 nmethod 1359 0x00000000027f9290 code [0x00000000027f9440, 0x00000000027f9d48]
Event: 8.186 Thread 0x00000000147a4800 1360       3       com.android.dx.dex.file.CodeItem::itemType (4 bytes)
Event: 8.186 Thread 0x00000000147a4800 nmethod 1360 0x00000000027f9f90 code [0x00000000027fa0e0, 0x00000000027fa230]
Event: 8.186 Thread 0x00000000147a4800 1361       3       com.android.dx.dex.file.MixedItemSection$1::compare (13 bytes)
Event: 8.187 Thread 0x00000000147a4800 nmethod 1361 0x00000000027fa2d0 code [0x00000000027fa480, 0x00000000027faac8]
Event: 8.187 Thread 0x00000000147a4800 1362       3       com.android.dx.dex.file.AnnotationSetItem::itemType (4 bytes)
Event: 8.188 Thread 0x00000000147a4800 nmethod 1362 0x00000000027fad10 code [0x00000000027fae60, 0x00000000027fafb0]
Event: 8.188 Thread 0x00000000147a4800 1363       1       com.android.dx.dex.file.AnnotationItem::access$100 (5 bytes)
Event: 8.189 Thread 0x00000000147a4800 nmethod 1363 0x00000000027fb050 code [0x00000000027fb1a0, 0x00000000027fb290]

GC Heap History (4 events):
Event: 3.632 GC heap before
{Heap before GC invocations=1 (full 0):
 PSYoungGen      total 17408K, used 15360K [0x00000000eab00000, 0x00000000ebe00000, 0x0000000100000000)
  eden space 15360K, 100% used [0x00000000eab00000,0x00000000eba00000,0x00000000eba00000)
  from space 2048K, 0% used [0x00000000ebc00000,0x00000000ebc00000,0x00000000ebe00000)
  to   space 2048K, 0% used [0x00000000eba00000,0x00000000eba00000,0x00000000ebc00000)
 ParOldGen       total 39936K, used 0K [0x00000000c0000000, 0x00000000c2700000, 0x00000000eab00000)
  object space 39936K, 0% used [0x00000000c0000000,0x00000000c0000000,0x00000000c2700000)
 Metaspace       used 5614K, capacity 6768K, committed 7040K, reserved 1056768K
  class space    used 579K, capacity 616K, committed 640K, reserved 1048576K
Event: 3.660 GC heap after
Heap after GC invocations=1 (full 0):
 PSYoungGen      total 17408K, used 2026K [0x00000000eab00000, 0x00000000ebe00000, 0x0000000100000000)
  eden space 15360K, 0% used [0x00000000eab00000,0x00000000eab00000,0x00000000eba00000)
  from space 2048K, 98% used [0x00000000eba00000,0x00000000ebbfaa98,0x00000000ebc00000)
  to   space 2048K, 0% used [0x00000000ebc00000,0x00000000ebc00000,0x00000000ebe00000)
 ParOldGen       total 39936K, used 2270K [0x00000000c0000000, 0x00000000c2700000, 0x00000000eab00000)
  object space 39936K, 5% used [0x00000000c0000000,0x00000000c0237ad8,0x00000000c2700000)
 Metaspace       used 5614K, capacity 6768K, committed 7040K, reserved 1056768K
  class space    used 579K, capacity 616K, committed 640K, reserved 1048576K
}
Event: 6.105 GC heap before
{Heap before GC invocations=2 (full 0):
 PSYoungGen      total 17408K, used 17320K [0x00000000eab00000, 0x00000000ebe00000, 0x0000000100000000)
  eden space 15360K, 99% used [0x00000000eab00000,0x00000000eb9ef8b8,0x00000000eba00000)
  from space 2048K, 98% used [0x00000000eba00000,0x00000000ebbfaa98,0x00000000ebc00000)
  to   space 2048K, 0% used [0x00000000ebc00000,0x00000000ebc00000,0x00000000ebe00000)
 ParOldGen       total 39936K, used 2270K [0x00000000c0000000, 0x00000000c2700000, 0x00000000eab00000)
  object space 39936K, 5% used [0x00000000c0000000,0x00000000c0237ad8,0x00000000c2700000)
 Metaspace       used 6008K, capacity 6960K, committed 7040K, reserved 1056768K
  class space    used 601K, capacity 616K, committed 640K, reserved 1048576K
Event: 6.143 GC heap after
Heap after GC invocations=2 (full 0):
 PSYoungGen      total 17408K, used 2038K [0x00000000eab00000, 0x00000000ecd00000, 0x0000000100000000)
  eden space 15360K, 0% used [0x00000000eab00000,0x00000000eab00000,0x00000000eba00000)
  from space 2048K, 99% used [0x00000000ebc00000,0x00000000ebdfdb48,0x00000000ebe00000)
  to   space 2048K, 0% used [0x00000000eba00000,0x00000000eba00000,0x00000000ebc00000)
 ParOldGen       total 39936K, used 5775K [0x00000000c0000000, 0x00000000c2700000, 0x00000000eab00000)
  object space 39936K, 14% used [0x00000000c0000000,0x00000000c05a3fe0,0x00000000c2700000)
 Metaspace       used 6008K, capacity 6960K, committed 7040K, reserved 1056768K
  class space    used 601K, capacity 616K, committed 640K, reserved 1048576K
}

Deoptimization events (10 events):
Event: 7.185 Thread 0x000000000091e800 Uncommon trap: reason=bimorphic action=maybe_recompile pc=0x000000000253f8c8 method=java.util.HashMap.getNode(ILjava/lang/Object;)Ljava/util/HashMap$Node; @ 126
Event: 7.200 Thread 0x000000000091e800 Uncommon trap: reason=bimorphic action=maybe_recompile pc=0x000000000253f8c8 method=java.util.HashMap.getNode(ILjava/lang/Object;)Ljava/util/HashMap$Node; @ 126
Event: 7.202 Thread 0x000000000091e800 Uncommon trap: reason=bimorphic action=maybe_recompile pc=0x000000000253f8c8 method=java.util.HashMap.getNode(ILjava/lang/Object;)Ljava/util/HashMap$Node; @ 126
Event: 7.202 Thread 0x000000000091e800 Uncommon trap: reason=bimorphic action=maybe_recompile pc=0x00000000025132c0 method=java.util.HashMap.getNode(ILjava/lang/Object;)Ljava/util/HashMap$Node; @ 126
Event: 7.281 Thread 0x000000000091e800 Uncommon trap: reason=class_check action=maybe_recompile pc=0x00000000027053dc method=java.util.HashMap.putVal(ILjava/lang/Object;Ljava/lang/Object;ZZ)Ljava/lang/Object; @ 203
Event: 7.282 Thread 0x000000000091e800 Uncommon trap: reason=class_check action=maybe_recompile pc=0x00000000027053dc method=java.util.HashMap.putVal(ILjava/lang/Object;Ljava/lang/Object;ZZ)Ljava/lang/Object; @ 203
Event: 7.282 Thread 0x000000000091e800 Uncommon trap: reason=class_check action=maybe_recompile pc=0x00000000027053dc method=java.util.HashMap.putVal(ILjava/lang/Object;Ljava/lang/Object;ZZ)Ljava/lang/Object; @ 203
Event: 7.282 Thread 0x000000000091e800 Uncommon trap: reason=class_check action=maybe_recompile pc=0x00000000027053dc method=java.util.HashMap.putVal(ILjava/lang/Object;Ljava/lang/Object;ZZ)Ljava/lang/Object; @ 203
Event: 7.282 Thread 0x000000000091e800 Uncommon trap: reason=class_check action=maybe_recompile pc=0x00000000026ec344 method=java.util.HashMap.putVal(ILjava/lang/Object;Ljava/lang/Object;ZZ)Ljava/lang/Object; @ 203
Event: 7.418 Thread 0x000000000091e800 Uncommon trap: reason=unstable_if action=reinterpret pc=0x00000000027e32ec method=java.util.HashMap.putVal(ILjava/lang/Object;Ljava/lang/Object;ZZ)Ljava/lang/Object; @ 94

Internal exceptions (3 events):
Event: 0.195 Thread 0x000000000091e800 Exception <a 'java/lang/NoSuchMethodError': Method sun.misc.Unsafe.defineClass(Ljava/lang/String;[BII)Ljava/lang/Class; name or signature does not match> (0x00000000eab0dd98) thrown at [C:\workspace\8-2-build-windows-amd64-cygwin\jdk8u65\4987\hotspot\src\s›ëﬁ∂AÔ»?
Event: 0.195 Thread 0x000000000091e800 Exception <a 'java/lang/NoSuchMethodError': Method sun.misc.Unsafe.prefetchRead(Ljava/lang/Object;J)V name or signature does not match> (0x00000000eab0e080) thrown at [C:\workspace\8-2-build-windows-amd64-cygwin\jdk8u65\4987\hotspot\src\share\vm\prims\jni. ı∫1#å@
Event: 4.137 Thread 0x0000000015d75000 Implicit null exception at 0x000000000269e022 to 0x000000000269e0c1

Events (10 events):
Event: 8.164 loading class com/android/dex/Leb128
Event: 8.164 loading class com/android/dex/Leb128 done
Event: 8.181 loading class java/util/Collections$1
Event: 8.182 loading class java/util/Collections$1 done
Event: 8.182 loading class com/android/dx/dex/file/MixedItemSection$2
Event: 8.182 loading class com/android/dx/dex/file/MixedItemSection$2 done
Event: 8.189 loading class com/android/dx/dex/file/CodeItem$1
Event: 8.189 loading class com/android/dx/dex/file/CodeItem$1 done
Event: 8.191 loading class com/android/dx/dex/code/DalvInsnList
Event: 8.191 loading class com/android/dx/dex/code/DalvInsnList done


Dynamic libraries:
0x00007ff728570000 - 0x00007ff7285a7000 	C:\Program Files\Java\jdk1.8.0_65\bin\java.exe
0x00007fff5a6d0000 - 0x00007fff5a891000 	C:\WINDOWS\SYSTEM32\ntdll.dll
0x00007fff57b30000 - 0x00007fff57bdd000 	C:\WINDOWS\system32\KERNEL32.DLL
0x00007fff57610000 - 0x00007fff577f8000 	C:\WINDOWS\system32\KERNELBASE.dll
0x00007fff57fd0000 - 0x00007fff58077000 	C:\WINDOWS\system32\ADVAPI32.dll
0x00007fff57cb0000 - 0x00007fff57d4d000 	C:\WINDOWS\system32\msvcrt.dll
0x00007fff57be0000 - 0x00007fff57c3b000 	C:\WINDOWS\system32\sechost.dll
0x00007fff58080000 - 0x00007fff5819c000 	C:\WINDOWS\system32\RPCRT4.dll
0x00007fff5a570000 - 0x00007fff5a6c6000 	C:\WINDOWS\system32\USER32.dll
0x00007fff58320000 - 0x00007fff584a6000 	C:\WINDOWS\system32\GDI32.dll
0x00007fff4b7e0000 - 0x00007fff4ba54000 	C:\WINDOWS\WinSxS\amd64_microsoft.windows.common-controls_6595b64144ccf1df_6.0.10586.0_none_8c15ae12515e1c22\COMCTL32.dll
0x00007fff59a10000 - 0x00007fff59c8d000 	C:\WINDOWS\system32\combase.dll
0x00007fff573d0000 - 0x00007fff5743a000 	C:\WINDOWS\system32\bcryptPrimitives.dll
0x00007fff59ef0000 - 0x00007fff59f2b000 	C:\WINDOWS\system32\IMM32.DLL
0x000000005f340000 - 0x000000005f412000 	C:\Program Files\Java\jdk1.8.0_65\jre\bin\msvcr100.dll
0x000000005f850000 - 0x00000000600d9000 	C:\Program Files\Java\jdk1.8.0_65\jre\bin\server\jvm.dll
0x00007fff59da0000 - 0x00007fff59da8000 	C:\WINDOWS\system32\PSAPI.DLL
0x00007fff55560000 - 0x00007fff55569000 	C:\WINDOWS\SYSTEM32\WSOCK32.dll
0x00007fff57c40000 - 0x00007fff57cab000 	C:\WINDOWS\system32\WS2_32.dll
0x00007fff55510000 - 0x00007fff55533000 	C:\WINDOWS\SYSTEM32\WINMM.dll
0x00007fff51dd0000 - 0x00007fff51dda000 	C:\WINDOWS\SYSTEM32\VERSION.dll
0x00007fff554b0000 - 0x00007fff554dc000 	C:\WINDOWS\SYSTEM32\WINMMBASE.dll
0x00007fff579b0000 - 0x00007fff579f3000 	C:\WINDOWS\system32\cfgmgr32.dll
0x00000000605f0000 - 0x00000000605ff000 	C:\Program Files\Java\jdk1.8.0_65\jre\bin\verify.dll
0x00000000604b0000 - 0x00000000604d9000 	C:\Program Files\Java\jdk1.8.0_65\jre\bin\java.dll
0x000000005f750000 - 0x000000005f766000 	C:\Program Files\Java\jdk1.8.0_65\jre\bin\zip.dll
0x00007fff584b0000 - 0x00007fff59a0c000 	C:\WINDOWS\system32\SHELL32.dll
0x00007fff56d80000 - 0x00007fff573c5000 	C:\WINDOWS\system32\windows.storage.dll
0x00007fff57d50000 - 0x00007fff57da2000 	C:\WINDOWS\system32\shlwapi.dll
0x00007fff56cf0000 - 0x00007fff56cff000 	C:\WINDOWS\system32\kernel.appcore.dll
0x00007fff578f0000 - 0x00007fff579a5000 	C:\WINDOWS\system32\shcore.dll
0x00007fff56d20000 - 0x00007fff56d6b000 	C:\WINDOWS\system32\powrprof.dll
0x00007fff56d00000 - 0x00007fff56d14000 	C:\WINDOWS\system32\profapi.dll

VM Arguments:
jvm_args: -Xmx1024M -Dfile.encoding=windows-1252 -Duser.country=419 -Duser.language=es -Duser.variant 
java_command: com.android.dx.command.Main --dex --num-threads=4 --output C:\PROYECTO APP\PROYECTO APP\OmniFans\app\build\intermediates\dex\debug C:\PROYECTO APP\PROYECTO APP\OmniFans\app\build\intermediates\classes\debug C:\PROYECTO APP\PROYECTO APP\OmniFans\app\build\intermediates\pre-dexed\debug\support-annotations-23.1.1-8f858965a653d724195847265e8c05cd9e54682a.jar C:\PROYECTO APP\PROYECTO APP\OmniFans\app\build\intermediates\pre-dexed\debug\bolts-android-1.1.4-63fb01e1d51c9aa5ab0302a51f642c2435961acd.jar C:\PROYECTO APP\PROYECTO APP\OmniFans\app\build\intermediates\pre-dexed\debug\library-1.0.19-c2c43953ffd1b62575316c241b30a310635daeaa.jar C:\PROYECTO APP\PROYECTO APP\OmniFans\app\build\intermediates\pre-dexed\debug\internal_impl-23.1.1-42975538c2666a8bb8187811e7ba17374ed526f2.jar C:\PROYECTO APP\PROYECTO APP\OmniFans\app\build\intermediates\pre-dexed\debug\classes-09b19e7c76df81eef4fedc9d2f5c2dffbd16d1c3.jar C:\PROYECTO APP\PROYECTO APP\OmniFans\app\build\intermediates\pre-dexed\debug\classes-b8c21ff6b2a45169c42e3a7f519396432c1a3503.jar C:\PROYECTO APP\PROYECTO APP\OmniFans\app\build\intermediates\pre-dexed\debug\classes-d6d8ddb1af84fc223d15f224376ed6252623a1af.jar C:\PROYECTO APP\PROYECTO APP\OmniFans\app\build\intermediates\pre-dexed\debug\classes-62d31a07d86c231b62afbc2ca83bc9e648ed7a87.jar C:\PROYECTO APP\PROYECTO APP\OmniFans\app\build\intermediates\pre-dexed\debug\classes-fe96b3db671f1e73a773d24decae5a53c5a55dab.jar
java_class_path (initial): C:\Users\DavidL\AppData\Local\Android\sdk\build-tools\23.0.2\lib\dx.jar
Launcher Type: SUN_STANDARD

Environment Variables:
JAVA_HOME=C:\Program Files\Java\jdk1.8.0_65
PATH=C:\ProgramData\Oracle\Java\javapath;C:\WINDOWS\system32;C:\WINDOWS;C:\WINDOWS\System32\Wbem;C:\WINDOWS\System32\WindowsPowerShell\v1.0\;C:\Program Files (x86)\AMD\ATI.ACE\Core-Static;C:\Program Files (x86)\ATI Technologies\ATI.ACE\Core-Static;c:\Program Files (x86)\Microsoft SQL Server\100\Tools\Binn\;c:\Program Files\Microsoft SQL Server\100\Tools\Binn\;c:\Program Files\Microsoft SQL Server\100\DTS\Binn\;C:\Program Files\nodejs\;C:\Program Files (x86)\Skype\Phone\;C:\WINDOWS\system32\config\systemprofile\.dnx\bin;C:\Program Files\Microsoft DNX\Dnvm\;C:\Program Files (x86)\GtkSharp\2.12\bin;C:\Users\DavidL\AppData\Roaming\npm
USERNAME=DavidL
OS=Windows_NT
PROCESSOR_IDENTIFIER=AMD64 Family 20 Model 2 Stepping 0, AuthenticAMD



---------------  S Y S T E M  ---------------

OS: Windows 10.0 , 64 bit Build 10586 (10.0.10586.0)

CPU:total 2 (2 cores per cpu, 1 threads per core) family 20 model 2 stepping 0, cmov, cx8, fxsr, mmx, sse, sse2, sse3, ssse3, popcnt, mmxext, lzcnt, sse4a, tsc, tscinvbit, tscinv

Memory: 4k page, physical 3761356k(506924k free), swap 4887756k(4480k free)

vm_info: Java HotSpot(TM) 64-Bit Server VM (25.65-b01) for windows-amd64 JRE (1.8.0_65-b17), built on Oct  6 2015 16:39:20 by "java_re" with MS VC++ 10.0 (VS2010)

time: Fri Mar 25 21:43:27 2016
elapsed time: 8 seconds (0d 0h 0m 8s)

