#
# There is insufficient memory for the Java Runtime Environment to continue.
# Native memory allocation (malloc) failed to allocate 301008 bytes for Chunk::new
# Possible reasons:
#   The system is out of physical RAM or swap space
#   In 32 bit mode, the process size limit was hit
# Possible solutions:
#   Reduce memory load on the system
#   Increase physical memory or swap space
#   Check if swap backing store is full
#   Use 64 bit Java on a 64 bit OS
#   Decrease Java heap size (-Xmx/-Xms)
#   Decrease number of Java threads
#   Decrease Java thread stack sizes (-Xss)
#   Set larger code cache with -XX:ReservedCodeCacheSize=
# This output file may be truncated or incomplete.
#
#  Out of Memory Error (allocation.cpp:390), pid=2744, tid=11076
#
# JRE version: Java(TM) SE Runtime Environment (8.0_65-b17) (build 1.8.0_65-b17)
# Java VM: Java HotSpot(TM) 64-Bit Server VM (25.65-b01 mixed mode windows-amd64 compressed oops)
# Failed to write core dump. Minidumps are not enabled by default on client versions of Windows
#

---------------  T H R E A D  ---------------

Current thread (0x0000000014729000):  JavaThread "C2 CompilerThread0" daemon [_thread_in_native, id=11076, stack(0x0000000015780000,0x0000000015880000)]

Stack: [0x0000000015780000,0x0000000015880000]
[error occurred during error reporting (printing stack bounds), id 0xc0000005]

Native frames: (J=compiled Java code, j=interpreted, Vv=VM code, C=native code)


Current CompileTask:
C2:   5032 1240       4       com.android.dx.ssa.SsaBasicBlock::forEachInsn (37 bytes)


---------------  P R O C E S S  ---------------

Java Threads: ( => current thread )
  0x0000000015c8f000 JavaThread "pool-1-thread-4" [_thread_in_vm, id=11364, stack(0x0000000016380000,0x0000000016480000)]
  0x0000000015c8e800 JavaThread "pool-1-thread-3" [_thread_in_vm, id=7148, stack(0x0000000016280000,0x0000000016380000)]
  0x0000000015c8d800 JavaThread "pool-1-thread-2" [_thread_in_vm, id=8656, stack(0x0000000016180000,0x0000000016280000)]
  0x0000000015c8b800 JavaThread "pool-2-thread-1" [_thread_blocked, id=5764, stack(0x0000000016080000,0x0000000016180000)]
  0x0000000015c89800 JavaThread "pool-1-thread-1" [_thread_in_vm, id=11392, stack(0x0000000015f80000,0x0000000016080000)]
  0x000000001478b000 JavaThread "Service Thread" daemon [_thread_blocked, id=11540, stack(0x0000000015980000,0x0000000015a80000)]
  0x0000000014784000 JavaThread "C1 CompilerThread1" daemon [_thread_blocked, id=8328, stack(0x0000000015880000,0x0000000015980000)]
=>0x0000000014729000 JavaThread "C2 CompilerThread0" daemon [_thread_in_native, id=11076, stack(0x0000000015780000,0x0000000015880000)]
  0x0000000014728000 JavaThread "Attach Listener" daemon [_thread_blocked, id=1416, stack(0x0000000015680000,0x0000000015780000)]
  0x000000000229e800 JavaThread "Signal Dispatcher" daemon [_thread_blocked, id=4856, stack(0x0000000015580000,0x0000000015680000)]
  0x000000000228d800 JavaThread "Finalizer" daemon [_thread_blocked, id=3712, stack(0x0000000015380000,0x0000000015480000)]
  0x000000000228a800 JavaThread "Reference Handler" daemon [_thread_blocked, id=10224, stack(0x0000000015280000,0x0000000015380000)]
  0x00000000021a1000 JavaThread "main" [_thread_blocked, id=2096, stack(0x00000000020a0000,0x00000000021a0000)]

Other Threads:
  0x00000000146f6000 VMThread [stack: 0x0000000015180000,0x0000000015280000] [id=10148]
  0x00000000147a8800 WatcherThread [stack: 0x0000000015a80000,0x0000000015b80000] [id=4972]

VM state:not at safepoint (normal execution)

VM Mutex/Monitor currently owned by a thread: None

Heap:
 PSYoungGen      total 17408K, used 12710K [0x00000000eab00000, 0x00000000ebe00000, 0x0000000100000000)
  eden space 15360K, 69% used [0x00000000eab00000,0x00000000eb56fdf8,0x00000000eba00000)
  from space 2048K, 98% used [0x00000000eba00000,0x00000000ebbf9c70,0x00000000ebc00000)
  to   space 2048K, 0% used [0x00000000ebc00000,0x00000000ebc00000,0x00000000ebe00000)
 ParOldGen       total 39936K, used 2098K [0x00000000c0000000, 0x00000000c2700000, 0x00000000eab00000)
  object space 39936K, 5% used [0x00000000c0000000,0x00000000c020cb68,0x00000000c2700000)
 Metaspace       used 5992K, capacity 6898K, committed 7040K, reserved 1056768K
  class space    used 600K, capacity 618K, committed 640K, reserved 1048576K

Card table byte_map: [0x0000000011660000,0x0000000011870000] byte_map_base: 0x0000000011060000

Marking Bits: (ParMarkBitMap*) 0x000000006005a5b0
 Begin Bits: [0x0000000011bd0000, 0x0000000012bd0000)
 End Bits:   [0x0000000012bd0000, 0x0000000013bd0000)

Polling page: 0x00000000004e0000

CodeCache: size=245760Kb used=4988Kb max_used=4988Kb free=240771Kb
 bounds [0x00000000022a0000, 0x0000000002790000, 0x00000000112a0000]
 total_blobs=1517 nmethods=1249 adapters=182
 compilation: enabled

Compilation events (10 events):
Event: 4.981 Thread 0x0000000014784000 nmethod 1247 0x0000000002773490 code [0x0000000002773600, 0x0000000002773968]
Event: 4.983 Thread 0x0000000014784000 1248       3       com.android.dx.ssa.back.SsaToRop::convertBasicBlocks (151 bytes)
Event: 4.988 Thread 0x0000000014784000 nmethod 1248 0x000000000277a010 code [0x000000000277a320, 0x000000000277bbf8]
Event: 4.992 Thread 0x0000000014784000 1249       3       com.android.dx.rop.cst.CstInteger::make (47 bytes)
Event: 4.993 Thread 0x0000000014784000 nmethod 1249 0x0000000002772810 code [0x00000000027729c0, 0x00000000027730f0]
Event: 5.008 Thread 0x0000000014784000 1250       3       com.android.dx.ssa.back.FirstFitLocalCombiningAllocator::handleNormalUnassociated (99 bytes)
Event: 5.012 Thread 0x0000000014784000 nmethod 1250 0x000000000277c9d0 code [0x000000000277cc80, 0x000000000277e038]
Event: 5.019 Thread 0x0000000014784000 1251       3       com.android.dx.ssa.PhiInsn::predBlocksForReg (73 bytes)
Event: 5.023 Thread 0x0000000014784000 nmethod 1251 0x000000000277ead0 code [0x000000000277ed40, 0x000000000277fd98]
Event: 5.025 Thread 0x0000000014784000 1252       3       com.android.dx.ssa.SsaBasicBlock::addMoveToEnd (172 bytes)

GC Heap History (2 events):
Event: 3.770 GC heap before
{Heap before GC invocations=1 (full 0):
 PSYoungGen      total 17408K, used 15360K [0x00000000eab00000, 0x00000000ebe00000, 0x0000000100000000)
  eden space 15360K, 100% used [0x00000000eab00000,0x00000000eba00000,0x00000000eba00000)
  from space 2048K, 0% used [0x00000000ebc00000,0x00000000ebc00000,0x00000000ebe00000)
  to   space 2048K, 0% used [0x00000000eba00000,0x00000000eba00000,0x00000000ebc00000)
 ParOldGen       total 39936K, used 0K [0x00000000c0000000, 0x00000000c2700000, 0x00000000eab00000)
  object space 39936K, 0% used [0x00000000c0000000,0x00000000c0000000,0x00000000c2700000)
 Metaspace       used 5821K, capacity 6768K, committed 7040K, reserved 1056768K
  class space    used 598K, capacity 616K, committed 640K, reserved 1048576K
Event: 3.808 GC heap after
Heap after GC invocations=1 (full 0):
 PSYoungGen      total 17408K, used 2023K [0x00000000eab00000, 0x00000000ebe00000, 0x0000000100000000)
  eden space 15360K, 0% used [0x00000000eab00000,0x00000000eab00000,0x00000000eba00000)
  from space 2048K, 98% used [0x00000000eba00000,0x00000000ebbf9c70,0x00000000ebc00000)
  to   space 2048K, 0% used [0x00000000ebc00000,0x00000000ebc00000,0x00000000ebe00000)
 ParOldGen       total 39936K, used 2098K [0x00000000c0000000, 0x00000000c2700000, 0x00000000eab00000)
  object space 39936K, 5% used [0x00000000c0000000,0x00000000c020cb68,0x00000000c2700000)
 Metaspace       used 5821K, capacity 6768K, committed 7040K, reserved 1056768K
  class space    used 598K, capacity 616K, committed 640K, reserved 1048576K
}

Deoptimization events (5 events):
Event: 2.606 Thread 0x0000000015c8e800 Uncommon trap: reason=unstable_if action=reinterpret pc=0x00000000024cc1a4 method=java.util.HashMap.getNode(ILjava/lang/Object;)Ljava/util/HashMap$Node; @ 129
Event: 2.739 Thread 0x00000000021a1000 Uncommon trap: reason=unstable_if action=reinterpret pc=0x00000000024c24f0 method=java.util.BitSet.nextSetBit(I)I @ 87
Event: 4.459 Thread 0x0000000015c8d800 Uncommon trap: reason=unstable_if action=reinterpret pc=0x0000000002693f5c method=com.android.dx.rop.cst.Constant.compareTo(Lcom/android/dx/rop/cst/Constant;)I @ 12
Event: 4.903 Thread 0x0000000015c8e800 Uncommon trap: reason=null_check action=make_not_entrant pc=0x0000000002558e40 method=com.android.dx.ssa.SsaRenamer.getLocalForNewReg(I)Lcom/android/dx/rop/code/LocalItem; @ 19
Event: 4.903 Thread 0x0000000015c8f000 Uncommon trap: reason=unstable_if action=reinterpret pc=0x00000000025cf388 method=com.android.dx.rop.code.RegisterSpec.equals(ILcom/android/dx/rop/type/TypeBearer;Lcom/android/dx/rop/code/LocalItem;)Z @ 42

Internal exceptions (3 events):
Event: 0.183 Thread 0x00000000021a1000 Exception <a 'java/lang/NoSuchMethodError': Method sun.misc.Unsafe.defineClass(Ljava/lang/String;[BII)Ljava/lang/Class; name or signature does not match> (0x00000000eab0d528) thrown at [C:\workspace\8-2-build-windows-amd64-cygwin\jdk8u65\4987\hotspot\src\së›‰m¤qÇ?
Event: 0.183 Thread 0x00000000021a1000 Exception <a 'java/lang/NoSuchMethodError': Method sun.misc.Unsafe.prefetchRead(Ljava/lang/Object;J)V name or signature does not match> (0x00000000eab0d810) thrown at [C:\workspace\8-2-build-windows-amd64-cygwin\jdk8u65\4987\hotspot\src\share\vm\prims\jni.ÚŒ5‚¸œ@
Event: 4.903 Thread 0x0000000015c8e800 Implicit null exception at 0x000000000255770c to 0x0000000002558e1d

Events (10 events):
Event: 4.768 loading class java/util/HashMap$KeyIterator
Event: 4.768 loading class java/util/HashMap$KeyIterator done
Event: 4.771 Executing VM operation: EnableBiasedLocking
Event: 4.843 Executing VM operation: EnableBiasedLocking done
Event: 4.903 Thread 0x0000000015c8e800 Uncommon trap: trap_request=0xfffffff4 fr.pc=0x0000000002558e40
Event: 4.903 Thread 0x0000000015c8e800 DEOPT PACKING pc=0x0000000002558e40 sp=0x000000001637e880
Event: 4.903 Thread 0x0000000015c8f000 Uncommon trap: trap_request=0xffffff65 fr.pc=0x00000000025cf388
Event: 4.903 Thread 0x0000000015c8f000 DEOPT PACKING pc=0x00000000025cf388 sp=0x000000001647e820
Event: 4.903 Thread 0x0000000015c8f000 DEOPT UNPACKING pc=0x00000000022e582a sp=0x000000001647e7a8 mode 2
Event: 4.905 Thread 0x0000000015c8e800 DEOPT UNPACKING pc=0x00000000022e582a sp=0x000000001637e6b8 mode 2


Dynamic libraries:
0x00007ff685c90000 - 0x00007ff685cc7000 	C:\Program Files\Java\jdk1.8.0_65\bin\java.exe
0x00007fff5a6d0000 - 0x00007fff5a891000 	C:\WINDOWS\SYSTEM32\ntdll.dll
0x00007fff57b30000 - 0x00007fff57bdd000 	C:\WINDOWS\system32\KERNEL32.DLL
0x00007fff57610000 - 0x00007fff577f8000 	C:\WINDOWS\system32\KERNELBASE.dll
0x00007fff57fd0000 - 0x00007fff58077000 	C:\WINDOWS\system32\ADVAPI32.dll
0x00007fff57cb0000 - 0x00007fff57d4d000 	C:\WINDOWS\system32\msvcrt.dll
0x00007fff57be0000 - 0x00007fff57c3b000 	C:\WINDOWS\system32\sechost.dll
0x00007fff58080000 - 0x00007fff5819c000 	C:\WINDOWS\system32\RPCRT4.dll
0x00007fff5a570000 - 0x00007fff5a6c6000 	C:\WINDOWS\system32\USER32.dll
0x00007fff58320000 - 0x00007fff584a6000 	C:\WINDOWS\system32\GDI32.dll
0x00007fff4b7e0000 - 0x00007fff4ba54000 	C:\WINDOWS\WinSxS\amd64_microsoft.windows.common-controls_6595b64144ccf1df_6.0.10586.0_none_8c15ae12515e1c22\COMCTL32.dll
0x00007fff59a10000 - 0x00007fff59c8d000 	C:\WINDOWS\system32\combase.dll
0x00007fff573d0000 - 0x00007fff5743a000 	C:\WINDOWS\system32\bcryptPrimitives.dll
0x00007fff59ef0000 - 0x00007fff59f2b000 	C:\WINDOWS\system32\IMM32.DLL
0x000000005f300000 - 0x000000005f3d2000 	C:\Program Files\Java\jdk1.8.0_65\jre\bin\msvcr100.dll
0x000000005f850000 - 0x00000000600d9000 	C:\Program Files\Java\jdk1.8.0_65\jre\bin\server\jvm.dll
0x00007fff59da0000 - 0x00007fff59da8000 	C:\WINDOWS\system32\PSAPI.DLL
0x00007fff55550000 - 0x00007fff55559000 	C:\WINDOWS\SYSTEM32\WSOCK32.dll
0x00007fff57c40000 - 0x00007fff57cab000 	C:\WINDOWS\system32\WS2_32.dll
0x00007fff55510000 - 0x00007fff55533000 	C:\WINDOWS\SYSTEM32\WINMM.dll
0x00007fff51dd0000 - 0x00007fff51dda000 	C:\WINDOWS\SYSTEM32\VERSION.dll
0x00007fff554b0000 - 0x00007fff554dc000 	C:\WINDOWS\SYSTEM32\WINMMBASE.dll
0x00007fff579b0000 - 0x00007fff579f3000 	C:\WINDOWS\system32\cfgmgr32.dll
0x00000000605f0000 - 0x00000000605ff000 	C:\Program Files\Java\jdk1.8.0_65\jre\bin\verify.dll
0x000000005f740000 - 0x000000005f769000 	C:\Program Files\Java\jdk1.8.0_65\jre\bin\java.dll
0x000000005f720000 - 0x000000005f736000 	C:\Program Files\Java\jdk1.8.0_65\jre\bin\zip.dll
0x00007fff584b0000 - 0x00007fff59a0c000 	C:\WINDOWS\system32\SHELL32.dll
0x00007fff56d80000 - 0x00007fff573c5000 	C:\WINDOWS\system32\windows.storage.dll
0x00007fff57d50000 - 0x00007fff57da2000 	C:\WINDOWS\system32\shlwapi.dll
0x00007fff56cf0000 - 0x00007fff56cff000 	C:\WINDOWS\system32\kernel.appcore.dll
0x00007fff578f0000 - 0x00007fff579a5000 	C:\WINDOWS\system32\shcore.dll
0x00007fff56d20000 - 0x00007fff56d6b000 	C:\WINDOWS\system32\powrprof.dll
0x00007fff56d00000 - 0x00007fff56d14000 	C:\WINDOWS\system32\profapi.dll

VM Arguments:
jvm_args: -Xmx1024M -Dfile.encoding=windows-1252 -Duser.country=419 -Duser.language=es -Duser.variant 
java_command: com.android.dx.command.Main --dex --num-threads=4 --output C:\PROYECTO APP\PROYECTO APP\OmniFans\app\build\intermediates\pre-dexed\debug\bolts-android-1.1.4-63fb01e1d51c9aa5ab0302a51f642c2435961acd.jar C:\Users\DavidL\.gradle\caches\modules-2\files-2.1\com.parse.bolts\bolts-android\1.1.4\129874135e6081269ace2312092031558865de12\bolts-android-1.1.4.jar
java_class_path (initial): C:\Users\DavidL\AppData\Local\Android\sdk\build-tools\23.0.2\lib\dx.jar
Launcher Type: SUN_STANDARD

Environment Variables:
JAVA_HOME=C:\Program Files\Java\jdk1.8.0_65
PATH=C:\ProgramData\Oracle\Java\javapath;C:\WINDOWS\system32;C:\WINDOWS;C:\WINDOWS\System32\Wbem;C:\WINDOWS\System32\WindowsPowerShell\v1.0\;C:\Program Files (x86)\AMD\ATI.ACE\Core-Static;C:\Program Files (x86)\ATI Technologies\ATI.ACE\Core-Static;c:\Program Files (x86)\Microsoft SQL Server\100\Tools\Binn\;c:\Program Files\Microsoft SQL Server\100\Tools\Binn\;c:\Program Files\Microsoft SQL Server\100\DTS\Binn\;C:\Program Files\nodejs\;C:\Program Files (x86)\Skype\Phone\;C:\WINDOWS\system32\config\systemprofile\.dnx\bin;C:\Program Files\Microsoft DNX\Dnvm\;C:\Program Files (x86)\GtkSharp\2.12\bin;C:\Users\DavidL\AppData\Roaming\npm
USERNAME=DavidL
OS=Windows_NT
PROCESSOR_IDENTIFIER=AMD64 Family 20 Model 2 Stepping 0, AuthenticAMD



---------------  S Y S T E M  ---------------

OS: Windows 10.0 , 64 bit Build 10586 (10.0.10586.0)

CPU:total 2 (2 cores per cpu, 1 threads per core) family 20 model 2 stepping 0, cmov, cx8, fxsr, mmx, sse, sse2, sse3, ssse3, popcnt, mmxext, lzcnt, sse4a, tsc, tscinvbit, tscinv

Memory: 4k page, physical 3761356k(409196k free), swap 4887756k(4824k free)

vm_info: Java HotSpot(TM) 64-Bit Server VM (25.65-b01) for windows-amd64 JRE (1.8.0_65-b17), built on Oct  6 2015 16:39:20 by "java_re" with MS VC++ 10.0 (VS2010)

time: Wed Mar 23 14:58:21 2016
elapsed time: 5 seconds (0d 0h 0m 5s)

