#
# There is insufficient memory for the Java Runtime Environment to continue.
# Native memory allocation (malloc) failed to allocate 42768 bytes for Chunk::new
# Possible reasons:
#   The system is out of physical RAM or swap space
#   In 32 bit mode, the process size limit was hit
# Possible solutions:
#   Reduce memory load on the system
#   Increase physical memory or swap space
#   Check if swap backing store is full
#   Use 64 bit Java on a 64 bit OS
#   Decrease Java heap size (-Xmx/-Xms)
#   Decrease number of Java threads
#   Decrease Java thread stack sizes (-Xss)
#   Set larger code cache with -XX:ReservedCodeCacheSize=
# This output file may be truncated or incomplete.
#
#  Out of Memory Error (allocation.cpp:390), pid=8784, tid=3088
#
# JRE version: Java(TM) SE Runtime Environment (8.0_65-b17) (build 1.8.0_65-b17)
# Java VM: Java HotSpot(TM) 64-Bit Server VM (25.65-b01 mixed mode windows-amd64 compressed oops)
# Failed to write core dump. Minidumps are not enabled by default on client versions of Windows
#

---------------  T H R E A D  ---------------

Current thread (0x00000000147ea000):  JavaThread "C2 CompilerThread0" daemon [_thread_in_native, id=3088, stack(0x0000000015820000,0x0000000015920000)]

Stack: [0x0000000015820000,0x0000000015920000]
[error occurred during error reporting (printing stack bounds), id 0xc0000005]

Native frames: (J=compiled Java code, j=interpreted, Vv=VM code, C=native code)


Current CompileTask:
C2:   5726 1046   !   4       com.android.dx.cf.code.BytecodeArray::parseInstruction (2764 bytes)


---------------  P R O C E S S  ---------------

Java Threads: ( => current thread )
  0x0000000015e36000 JavaThread "pool-1-thread-4" [_thread_blocked, id=10852, stack(0x0000000016420000,0x0000000016520000)]
  0x0000000015d70000 JavaThread "pool-1-thread-3" [_thread_in_Java, id=9324, stack(0x0000000016320000,0x0000000016420000)]
  0x0000000015d6d000 JavaThread "pool-1-thread-2" [_thread_in_Java, id=6940, stack(0x0000000016220000,0x0000000016320000)]
  0x0000000015d6c800 JavaThread "pool-2-thread-1" [_thread_blocked, id=11424, stack(0x0000000016120000,0x0000000016220000)]
  0x0000000015d65800 JavaThread "pool-1-thread-1" [_thread_blocked, id=8312, stack(0x0000000016020000,0x0000000016120000)]
  0x000000001486f800 JavaThread "Service Thread" daemon [_thread_blocked, id=5116, stack(0x0000000015a20000,0x0000000015b20000)]
  0x00000000147ef000 JavaThread "C1 CompilerThread1" daemon [_thread_in_vm, id=9888, stack(0x0000000015920000,0x0000000015a20000)]
=>0x00000000147ea000 JavaThread "C2 CompilerThread0" daemon [_thread_in_native, id=3088, stack(0x0000000015820000,0x0000000015920000)]
  0x00000000147e8800 JavaThread "Attach Listener" daemon [_thread_blocked, id=2580, stack(0x0000000015720000,0x0000000015820000)]
  0x00000000147e5000 JavaThread "Signal Dispatcher" daemon [_thread_blocked, id=5876, stack(0x0000000015620000,0x0000000015720000)]
  0x000000000234e000 JavaThread "Finalizer" daemon [_thread_blocked, id=7428, stack(0x0000000015420000,0x0000000015520000)]
  0x000000000234b000 JavaThread "Reference Handler" daemon [_thread_blocked, id=5220, stack(0x0000000015320000,0x0000000015420000)]
  0x000000000215e800 JavaThread "main" [_thread_blocked, id=9632, stack(0x0000000002160000,0x0000000002260000)]

Other Threads:
  0x00000000147b5800 VMThread [stack: 0x0000000015220000,0x0000000015320000] [id=11484]
  0x0000000014874800 WatcherThread [stack: 0x0000000015b20000,0x0000000015c20000] [id=6532]

VM state:not at safepoint (normal execution)

VM Mutex/Monitor currently owned by a thread: None

Heap:
 PSYoungGen      total 17408K, used 9049K [0x00000000eab00000, 0x00000000ecd00000, 0x0000000100000000)
  eden space 15360K, 45% used [0x00000000eab00000,0x00000000eb1dcc88,0x00000000eba00000)
  from space 2048K, 98% used [0x00000000eba00000,0x00000000ebbf9888,0x00000000ebc00000)
  to   space 2048K, 0% used [0x00000000ecb00000,0x00000000ecb00000,0x00000000ecd00000)
 ParOldGen       total 39936K, used 2399K [0x00000000c0000000, 0x00000000c2700000, 0x00000000eab00000)
  object space 39936K, 6% used [0x00000000c0000000,0x00000000c0257e30,0x00000000c2700000)
 Metaspace       used 5785K, capacity 6896K, committed 7040K, reserved 1056768K
  class space    used 583K, capacity 616K, committed 640K, reserved 1048576K

Card table byte_map: [0x0000000011720000,0x0000000011930000] byte_map_base: 0x0000000011120000

Marking Bits: (ParMarkBitMap*) 0x000000006005a5b0
 Begin Bits: [0x0000000011c90000, 0x0000000012c90000)
 End Bits:   [0x0000000012c90000, 0x0000000013c90000)

Polling page: 0x0000000001f00000

CodeCache: size=245760Kb used=4560Kb max_used=4560Kb free=241199Kb
 bounds [0x0000000002360000, 0x00000000027e0000, 0x0000000011360000]
 total_blobs=1361 nmethods=1098 adapters=175
 compilation: enabled

Compilation events (10 events):
Event: 5.693 Thread 0x00000000147ef000 nmethod 1105 0x00000000027c9790 code [0x00000000027c9a00, 0x00000000027ca7e8]
Event: 5.693 Thread 0x00000000147ef000 1106       3       com.android.dx.dex.code.FixedSizeInsn::<init> (8 bytes)
Event: 5.696 Thread 0x00000000147ef000 nmethod 1106 0x00000000027caed0 code [0x00000000027cb040, 0x00000000027cb1c8]
Event: 5.696 Thread 0x00000000147ef000 1107       3       com.android.dx.dex.code.RopTranslator$TranslationVisitor::getNextMoveResultPseudo (55 bytes)
Event: 5.708 Thread 0x00000000147ef000 nmethod 1107 0x00000000027d2310 code [0x00000000027d24c0, 0x00000000027d2db8]
Event: 5.708 Thread 0x00000000147ef000 1109       3       java.util.concurrent.ThreadPoolExecutor::isRunning (10 bytes)
Event: 5.708 Thread 0x00000000147ef000 nmethod 1109 0x00000000027d3010 code [0x00000000027d3160, 0x00000000027d32f0]
Event: 5.713 Thread 0x00000000147ef000 1111       3       com.android.dx.rop.type.Type::isCategory2 (36 bytes)
Event: 5.714 Thread 0x00000000147ef000 nmethod 1111 0x00000000027d36d0 code [0x00000000027d3820, 0x00000000027d3990]
Event: 5.718 Thread 0x00000000147ef000 1112       3       com.android.dx.dex.code.RopTranslator::pickOrder (400 bytes)

GC Heap History (2 events):
Event: 4.335 GC heap before
{Heap before GC invocations=1 (full 0):
 PSYoungGen      total 17408K, used 15360K [0x00000000eab00000, 0x00000000ebe00000, 0x0000000100000000)
  eden space 15360K, 100% used [0x00000000eab00000,0x00000000eba00000,0x00000000eba00000)
  from space 2048K, 0% used [0x00000000ebc00000,0x00000000ebc00000,0x00000000ebe00000)
  to   space 2048K, 0% used [0x00000000eba00000,0x00000000eba00000,0x00000000ebc00000)
 ParOldGen       total 39936K, used 0K [0x00000000c0000000, 0x00000000c2700000, 0x00000000eab00000)
  object space 39936K, 0% used [0x00000000c0000000,0x00000000c0000000,0x00000000c2700000)
 Metaspace       used 5631K, capacity 6768K, committed 7040K, reserved 1056768K
  class space    used 579K, capacity 616K, committed 640K, reserved 1048576K
Event: 4.430 GC heap after
Heap after GC invocations=1 (full 0):
 PSYoungGen      total 17408K, used 2022K [0x00000000eab00000, 0x00000000ecd00000, 0x0000000100000000)
  eden space 15360K, 0% used [0x00000000eab00000,0x00000000eab00000,0x00000000eba00000)
  from space 2048K, 98% used [0x00000000eba00000,0x00000000ebbf9888,0x00000000ebc00000)
  to   space 2048K, 0% used [0x00000000ecb00000,0x00000000ecb00000,0x00000000ecd00000)
 ParOldGen       total 39936K, used 2399K [0x00000000c0000000, 0x00000000c2700000, 0x00000000eab00000)
  object space 39936K, 6% used [0x00000000c0000000,0x00000000c0257e30,0x00000000c2700000)
 Metaspace       used 5631K, capacity 6768K, committed 7040K, reserved 1056768K
  class space    used 579K, capacity 616K, committed 640K, reserved 1048576K
}

Deoptimization events (10 events):
Event: 4.203 Thread 0x0000000015d6d000 Uncommon trap: reason=class_check action=maybe_recompile pc=0x00000000026ba7d0 method=com.android.dx.ssa.SsaBasicBlock.forEachInsn(Lcom/android/dx/ssa/SsaInsn$Visitor;)V @ 23
Event: 4.203 Thread 0x0000000015d6d000 Uncommon trap: reason=class_check action=maybe_recompile pc=0x00000000026ba7d0 method=com.android.dx.ssa.SsaBasicBlock.forEachInsn(Lcom/android/dx/ssa/SsaInsn$Visitor;)V @ 23
Event: 4.203 Thread 0x0000000015d6d000 Uncommon trap: reason=class_check action=maybe_recompile pc=0x00000000026ba7d0 method=com.android.dx.ssa.SsaBasicBlock.forEachInsn(Lcom/android/dx/ssa/SsaInsn$Visitor;)V @ 23
Event: 4.203 Thread 0x0000000015d6d000 Uncommon trap: reason=class_check action=maybe_recompile pc=0x00000000026ba7d0 method=com.android.dx.ssa.SsaBasicBlock.forEachInsn(Lcom/android/dx/ssa/SsaInsn$Visitor;)V @ 23
Event: 4.303 Thread 0x000000000215e800 Uncommon trap: reason=unstable_if action=reinterpret pc=0x0000000002626378 method=com.android.dx.rop.cst.StdConstantPool.set(ILcom/android/dx/rop/cst/Constant;)V @ 12
Event: 4.517 Thread 0x0000000015d6d000 Uncommon trap: reason=class_check action=maybe_recompile pc=0x000000000270fd90 method=com.android.dx.rop.type.Type.equals(Ljava/lang/Object;)Z @ 8
Event: 4.517 Thread 0x0000000015d6d000 Uncommon trap: reason=null_check action=make_not_entrant pc=0x000000000270fda0 method=com.android.dx.rop.type.Type.equals(Ljava/lang/Object;)Z @ 8
Event: 5.685 Thread 0x0000000015d70000 Uncommon trap: reason=bimorphic action=maybe_recompile pc=0x000000000271a7c0 method=java.util.HashMap.putVal(ILjava/lang/Object;Ljava/lang/Object;ZZ)Ljava/lang/Object; @ 91
Event: 5.685 Thread 0x0000000015d70000 Uncommon trap: reason=bimorphic action=maybe_recompile pc=0x000000000271a7c0 method=java.util.HashMap.putVal(ILjava/lang/Object;Ljava/lang/Object;ZZ)Ljava/lang/Object; @ 91
Event: 5.685 Thread 0x0000000015d70000 Uncommon trap: reason=bimorphic action=maybe_recompile pc=0x000000000271a7c0 method=java.util.HashMap.putVal(ILjava/lang/Object;Ljava/lang/Object;ZZ)Ljava/lang/Object; @ 91

Internal exceptions (3 events):
Event: 0.206 Thread 0x000000000215e800 Exception <a 'java/lang/NoSuchMethodError': Method sun.misc.Unsafe.defineClass(Ljava/lang/String;[BII)Ljava/lang/Class; name or signature does not match> (0x00000000eab0df18) thrown at [C:\workspace\8-2-build-windows-amd64-cygwin\jdk8u65\4987\hotspot\src\s)V5Ó5]Ê?
Event: 0.206 Thread 0x000000000215e800 Exception <a 'java/lang/NoSuchMethodError': Method sun.misc.Unsafe.prefetchRead(Ljava/lang/Object;J)V name or signature does not match> (0x00000000eab0e200) thrown at [C:\workspace\8-2-build-windows-amd64-cygwin\jdk8u65\4987\hotspot\src\share\vm\prims\jni.}Ík¶›@
Event: 4.517 Thread 0x0000000015d6d000 Implicit null exception at 0x000000000270fce2 to 0x000000000270fd91

Events (10 events):
Event: 4.873 loading class com/android/dx/dex/file/AnnotationSetRefItem done
Event: 5.685 Thread 0x0000000015d70000 Uncommon trap: trap_request=0xffffffc6 fr.pc=0x000000000271a7c0
Event: 5.685 Thread 0x0000000015d70000 DEOPT PACKING pc=0x000000000271a7c0 sp=0x000000001641e730
Event: 5.685 Thread 0x0000000015d70000 DEOPT UNPACKING pc=0x00000000023a582a sp=0x000000001641e658 mode 2
Event: 5.685 Thread 0x0000000015d70000 Uncommon trap: trap_request=0xffffffc6 fr.pc=0x000000000271a7c0
Event: 5.685 Thread 0x0000000015d70000 DEOPT PACKING pc=0x000000000271a7c0 sp=0x000000001641e730
Event: 5.685 Thread 0x0000000015d70000 DEOPT UNPACKING pc=0x00000000023a582a sp=0x000000001641e658 mode 2
Event: 5.685 Thread 0x0000000015d70000 Uncommon trap: trap_request=0xffffffc6 fr.pc=0x000000000271a7c0
Event: 5.685 Thread 0x0000000015d70000 DEOPT PACKING pc=0x000000000271a7c0 sp=0x000000001641e7d0
Event: 5.685 Thread 0x0000000015d70000 DEOPT UNPACKING pc=0x00000000023a582a sp=0x000000001641e6f8 mode 2


Dynamic libraries:
0x00007ff728570000 - 0x00007ff7285a7000 	C:\Program Files\Java\jdk1.8.0_65\bin\java.exe
0x00007fff5a6d0000 - 0x00007fff5a891000 	C:\WINDOWS\SYSTEM32\ntdll.dll
0x00007fff57b30000 - 0x00007fff57bdd000 	C:\WINDOWS\system32\KERNEL32.DLL
0x00007fff57610000 - 0x00007fff577f8000 	C:\WINDOWS\system32\KERNELBASE.dll
0x00007fff57fd0000 - 0x00007fff58077000 	C:\WINDOWS\system32\ADVAPI32.dll
0x00007fff57cb0000 - 0x00007fff57d4d000 	C:\WINDOWS\system32\msvcrt.dll
0x00007fff57be0000 - 0x00007fff57c3b000 	C:\WINDOWS\system32\sechost.dll
0x00007fff58080000 - 0x00007fff5819c000 	C:\WINDOWS\system32\RPCRT4.dll
0x00007fff5a570000 - 0x00007fff5a6c6000 	C:\WINDOWS\system32\USER32.dll
0x00007fff58320000 - 0x00007fff584a6000 	C:\WINDOWS\system32\GDI32.dll
0x00007fff4b7e0000 - 0x00007fff4ba54000 	C:\WINDOWS\WinSxS\amd64_microsoft.windows.common-controls_6595b64144ccf1df_6.0.10586.0_none_8c15ae12515e1c22\COMCTL32.dll
0x00007fff59a10000 - 0x00007fff59c8d000 	C:\WINDOWS\system32\combase.dll
0x00007fff573d0000 - 0x00007fff5743a000 	C:\WINDOWS\system32\bcryptPrimitives.dll
0x00007fff59ef0000 - 0x00007fff59f2b000 	C:\WINDOWS\system32\IMM32.DLL
0x000000005f340000 - 0x000000005f412000 	C:\Program Files\Java\jdk1.8.0_65\jre\bin\msvcr100.dll
0x000000005f850000 - 0x00000000600d9000 	C:\Program Files\Java\jdk1.8.0_65\jre\bin\server\jvm.dll
0x00007fff59da0000 - 0x00007fff59da8000 	C:\WINDOWS\system32\PSAPI.DLL
0x00007fff55560000 - 0x00007fff55569000 	C:\WINDOWS\SYSTEM32\WSOCK32.dll
0x00007fff55510000 - 0x00007fff55533000 	C:\WINDOWS\SYSTEM32\WINMM.dll
0x00007fff57c40000 - 0x00007fff57cab000 	C:\WINDOWS\system32\WS2_32.dll
0x00007fff51dd0000 - 0x00007fff51dda000 	C:\WINDOWS\SYSTEM32\VERSION.dll
0x00007fff554b0000 - 0x00007fff554dc000 	C:\WINDOWS\SYSTEM32\WINMMBASE.dll
0x00007fff579b0000 - 0x00007fff579f3000 	C:\WINDOWS\system32\cfgmgr32.dll
0x00000000605f0000 - 0x00000000605ff000 	C:\Program Files\Java\jdk1.8.0_65\jre\bin\verify.dll
0x00000000604b0000 - 0x00000000604d9000 	C:\Program Files\Java\jdk1.8.0_65\jre\bin\java.dll
0x000000005f750000 - 0x000000005f766000 	C:\Program Files\Java\jdk1.8.0_65\jre\bin\zip.dll
0x00007fff584b0000 - 0x00007fff59a0c000 	C:\WINDOWS\system32\SHELL32.dll
0x00007fff56d80000 - 0x00007fff573c5000 	C:\WINDOWS\system32\windows.storage.dll
0x00007fff57d50000 - 0x00007fff57da2000 	C:\WINDOWS\system32\shlwapi.dll
0x00007fff56cf0000 - 0x00007fff56cff000 	C:\WINDOWS\system32\kernel.appcore.dll
0x00007fff578f0000 - 0x00007fff579a5000 	C:\WINDOWS\system32\shcore.dll
0x00007fff56d20000 - 0x00007fff56d6b000 	C:\WINDOWS\system32\powrprof.dll
0x00007fff56d00000 - 0x00007fff56d14000 	C:\WINDOWS\system32\profapi.dll

VM Arguments:
jvm_args: -Xmx1024M -Dfile.encoding=windows-1252 -Duser.country=419 -Duser.language=es -Duser.variant 
java_command: com.android.dx.command.Main --dex --num-threads=4 --output C:\PROYECTO APP\PROYECTO APP\OmniFans\app\build\intermediates\dex\debug C:\PROYECTO APP\PROYECTO APP\OmniFans\app\build\intermediates\classes\debug C:\PROYECTO APP\PROYECTO APP\OmniFans\app\build\intermediates\pre-dexed\debug\support-annotations-23.1.1-8f858965a653d724195847265e8c05cd9e54682a.jar C:\PROYECTO APP\PROYECTO APP\OmniFans\app\build\intermediates\pre-dexed\debug\bolts-android-1.1.4-63fb01e1d51c9aa5ab0302a51f642c2435961acd.jar C:\PROYECTO APP\PROYECTO APP\OmniFans\app\build\intermediates\pre-dexed\debug\library-1.0.19-c2c43953ffd1b62575316c241b30a310635daeaa.jar C:\PROYECTO APP\PROYECTO APP\OmniFans\app\build\intermediates\pre-dexed\debug\internal_impl-23.1.1-42975538c2666a8bb8187811e7ba17374ed526f2.jar C:\PROYECTO APP\PROYECTO APP\OmniFans\app\build\intermediates\pre-dexed\debug\classes-09b19e7c76df81eef4fedc9d2f5c2dffbd16d1c3.jar C:\PROYECTO APP\PROYECTO APP\OmniFans\app\build\intermediates\pre-dexed\debug\classes-b8c21ff6b2a45169c42e3a7f519396432c1a3503.jar C:\PROYECTO APP\PROYECTO APP\OmniFans\app\build\intermediates\pre-dexed\debug\classes-d6d8ddb1af84fc223d15f224376ed6252623a1af.jar C:\PROYECTO APP\PROYECTO APP\OmniFans\app\build\intermediates\pre-dexed\debug\classes-62d31a07d86c231b62afbc2ca83bc9e648ed7a87.jar C:\PROYECTO APP\PROYECTO APP\OmniFans\app\build\intermediates\pre-dexed\debug\classes-fe96b3db671f1e73a773d24decae5a53c5a55dab.jar
java_class_path (initial): C:\Users\DavidL\AppData\Local\Android\sdk\build-tools\23.0.2\lib\dx.jar
Launcher Type: SUN_STANDARD

Environment Variables:
JAVA_HOME=C:\Program Files\Java\jdk1.8.0_65
PATH=C:\ProgramData\Oracle\Java\javapath;C:\WINDOWS\system32;C:\WINDOWS;C:\WINDOWS\System32\Wbem;C:\WINDOWS\System32\WindowsPowerShell\v1.0\;C:\Program Files (x86)\AMD\ATI.ACE\Core-Static;C:\Program Files (x86)\ATI Technologies\ATI.ACE\Core-Static;c:\Program Files (x86)\Microsoft SQL Server\100\Tools\Binn\;c:\Program Files\Microsoft SQL Server\100\Tools\Binn\;c:\Program Files\Microsoft SQL Server\100\DTS\Binn\;C:\Program Files\nodejs\;C:\Program Files (x86)\Skype\Phone\;C:\WINDOWS\system32\config\systemprofile\.dnx\bin;C:\Program Files\Microsoft DNX\Dnvm\;C:\Program Files (x86)\GtkSharp\2.12\bin;C:\Users\DavidL\AppData\Roaming\npm
USERNAME=DavidL
OS=Windows_NT
PROCESSOR_IDENTIFIER=AMD64 Family 20 Model 2 Stepping 0, AuthenticAMD



---------------  S Y S T E M  ---------------

OS: Windows 10.0 , 64 bit Build 10586 (10.0.10586.0)

CPU:total 2 (2 cores per cpu, 1 threads per core) family 20 model 2 stepping 0, cmov, cx8, fxsr, mmx, sse, sse2, sse3, ssse3, popcnt, mmxext, lzcnt, sse4a, tsc, tscinvbit, tscinv

Memory: 4k page, physical 3761356k(588608k free), swap 4887756k(5752k free)

vm_info: Java HotSpot(TM) 64-Bit Server VM (25.65-b01) for windows-amd64 JRE (1.8.0_65-b17), built on Oct  6 2015 16:39:20 by "java_re" with MS VC++ 10.0 (VS2010)

time: Fri Mar 25 21:51:49 2016
elapsed time: 5 seconds (0d 0h 0m 5s)

